<?xml version="1.0" encoding="UTF-8"?>
<!-- Generated by org.testng.reporters.JUnitReportReporter -->
<testsuite hostname="LAPTOP-M14IQAII" failures="0" tests="1" name="curs15.CssExample" time="0.085" errors="0" timestamp="2023-10-23T20:57:51 EEST" skipped="0">
  <testcase classname="curs15.CssExample" name="cssExample2" time="0.085"/>
</testsuite> <!-- curs15.CssExample -->
