<?xml version="1.0" encoding="UTF-8"?>
<!-- Generated by org.testng.reporters.JUnitReportReporter -->
<testsuite hostname="LAPTOP-M14IQAII" failures="0" tests="3" name="curs14.TestPriority" time="0.040" errors="0" timestamp="2023-10-19T20:00:49 EEST" skipped="0">
  <testcase classname="curs14.TestPriority" name="one" time="0.033"/>
  <testcase classname="curs14.TestPriority" name="two" time="0.005"/>
  <testcase classname="curs14.TestPriority" name="three" time="0.002"/>
</testsuite> <!-- curs14.TestPriority -->
