<?xml version="1.0" encoding="UTF-8"?>
<!-- Generated by org.testng.reporters.JUnitReportReporter -->
<testsuite hostname="LAPTOP-M14IQAII" failures="0" tests="1" name="curs13.TestSelenium" time="10.901" errors="0" timestamp="2023-10-19T19:54:09 EEST" skipped="0">
  <testcase classname="curs13.TestSelenium" name="openBrowser" time="10.901"/>
</testsuite> <!-- curs13.TestSelenium -->
