<?xml version="1.0" encoding="UTF-8"?>
<!-- Generated by org.testng.reporters.JUnitReportReporter -->
<testsuite hostname="LAPTOP-M14IQAII" failures="0" tests="1" name="tests.LoginTest" time="1.320" errors="0" timestamp="2023-10-23T21:45:31 EEST" skipped="0">
  <testcase classname="tests.LoginTest" name="validLogin" time="1.320"/>
</testsuite> <!-- tests.LoginTest -->
