<?xml version="1.0" encoding="UTF-8"?>
<!-- Generated by org.testng.reporters.JUnitReportReporter -->
<testsuite hostname="LAPTOP-M14IQAII" failures="0" tests="1" name="curs13.TestSelenium" time="3.094" errors="0" timestamp="2023-10-16T21:07:45 EEST" skipped="0">
  <testcase classname="curs13.TestSelenium" name="openBrowser" time="3.094"/>
</testsuite> <!-- curs13.TestSelenium -->
