<?xml version="1.0" encoding="UTF-8"?>
<!-- Generated by org.testng.reporters.JUnitReportReporter -->
<testsuite hostname="LAPTOP-M14IQAII" failures="0" tests="8" name="curs14.SeleniumLocator" time="1.534" errors="0" timestamp="2023-10-23T19:53:01 EEST" skipped="0">
  <testcase classname="curs14.SeleniumLocator" name="tagNameExample" time="0.044"/>
  <testcase classname="curs14.SeleniumLocator" name="linkTextExample" time="0.535"/>
  <testcase classname="curs14.SeleniumLocator" name="partialLinkTextExample" time="0.501"/>
  <testcase classname="curs14.SeleniumLocator" name="classNameLocator" time="0.047"/>
  <testcase classname="curs14.SeleniumLocator" name="idLocator" time="0.154"/>
  <testcase classname="curs14.SeleniumLocator" name="nameLocator" time="0.111"/>
  <testcase classname="curs14.SeleniumLocator" name="cssSelector" time="0.069"/>
  <testcase classname="curs14.SeleniumLocator" name="xpathLocator" time="0.073"/>
</testsuite> <!-- curs14.SeleniumLocator -->
