<?xml version="1.0" encoding="UTF-8"?>
<!-- Generated by org.testng.reporters.JUnitReportReporter -->
<testsuite hostname="LAPTOP-M14IQAII" failures="0" tests="1" name="curs15.FindElementsExample" time="0.609" errors="0" timestamp="2023-10-23T19:59:31 EEST" skipped="0">
  <testcase classname="curs15.FindElementsExample" name="findElementsExample" time="0.609"/>
</testsuite> <!-- curs15.FindElementsExample -->
